[2025-05-28 11:33:19] [INFO] [ingestion.cleanner] Iniciando limpeza dos dados...
[2025-05-28 11:33:19] [INFO] [ingestion.cleanner] JSON limpo salvo com sucesso: dados_limpos.json
[2025-05-28 11:33:19] [INFO] [ingestion.cleanner] Arquivo CSV salvo com sucesso: componentes_curriculares_extraidos_clean.csv
[2025-05-28 11:33:19] [INFO] [ingestion.splitter] Criando as chunks do json formatado
[2025-05-28 11:33:19] [INFO] [ingestion.splitter] Criando as chunks do json formatado
[2025-05-28 11:33:19] [INFO] [ingestion.splitter] Criando as chunks do json formatado
[2025-05-28 11:33:19] [INFO] [ingestion.splitter] Criando as chunks do json formatado
[2025-05-28 11:33:19] [INFO] [ingestion.splitter] Criando as chunks do json formatado
[2025-05-28 11:33:19] [INFO] [ingestion.splitter] Criando as chunks do json formatado
[2025-05-28 11:33:19] [INFO] [ingestion.splitter] Criando as chunks do json formatado
[2025-05-28 11:33:19] [INFO] [ingestion.splitter] Criando as chunks do json formatado
[2025-05-28 11:33:19] [INFO] [ingestion.splitter] Criando as chunks do json formatado
[2025-05-28 11:33:19] [INFO] [ingestion.splitter] Criando as chunks do json formatado
[2025-05-28 11:33:19] [INFO] [ingestion.splitter] Criando as chunks do json formatado
[2025-05-28 11:33:19] [INFO] [ingestion.splitter] Criando as chunks do json formatado
[2025-05-28 11:33:19] [INFO] [ingestion.splitter] Criando as chunks do json formatado
[2025-05-28 11:33:19] [INFO] [ingestion.splitter] Criando as chunks do json formatado
[2025-05-28 11:33:19] [INFO] [ingestion.splitter] Criando as chunks do json formatado
[2025-05-28 11:33:19] [INFO] [ingestion.splitter] Criando as chunks do json formatado
[2025-05-28 11:33:19] [INFO] [ingestion.splitter] Criando as chunks do json formatado
[2025-05-28 11:33:19] [INFO] [ingestion.splitter] Criando as chunks do json formatado
[2025-05-28 11:33:19] [INFO] [ingestion.splitter] Criando as chunks do json formatado
[2025-05-28 11:33:19] [INFO] [ingestion.splitter] Criando as chunks do json formatado
[2025-05-28 11:33:19] [INFO] [ingestion.splitter] Criando as chunks do json formatado
[2025-05-28 11:33:19] [INFO] [ingestion.splitter] Criando as chunks do json formatado
[2025-05-28 11:33:19] [INFO] [ingestion.splitter] Criando as chunks do json formatado
[2025-05-28 11:33:19] [INFO] [ingestion.splitter] Criando as chunks do json formatado
[2025-05-28 11:33:19] [INFO] [ingestion.splitter] Criando as chunks do json formatado
[2025-05-28 11:33:19] [INFO] [ingestion.splitter] Criando as chunks do json formatado
[2025-05-28 11:45:51] [INFO] [ingestion.cleanner] Iniciando limpeza dos dados...
[2025-05-28 11:45:51] [INFO] [ingestion.cleanner] JSON limpo salvo com sucesso: dados_limpos.json
[2025-05-28 11:45:51] [INFO] [ingestion.cleanner] Arquivo CSV salvo com sucesso: componentes_curriculares_extraidos_clean.csv
[2025-05-28 11:45:51] [INFO] [ingestion.splitter] Criando as chunks do json formatado
[2025-05-28 11:46:10] [INFO] [__main__] Base vetorial atualizada com novos chunks do JSON.
[2025-05-28 11:57:57] [INFO] [ingestion.splitter] Criando as chunks do json formatado
[2025-05-28 12:00:02] [INFO] [ingestion.splitter] Criando as chunks do json formatado
[2025-05-28 12:01:59] [INFO] [ingestion.splitter] Criando as chunks do json formatado
[2025-05-28 12:08:29] [INFO] [ingestion.splitter] Criando as chunks do json formatado
[2025-05-28 12:11:34] [INFO] [ingestion.splitter] Criando as chunks do json formatado
[2025-05-28 12:12:52] [INFO] [ingestion.splitter] Criando as chunks do json formatado
[2025-05-28 12:14:38] [INFO] [ingestion.splitter] Criando as chunks do json formatado
[2025-05-28 12:19:18] [INFO] [ingestion.splitter] Criando as chunks do json formatado
[2025-05-28 12:39:27] [INFO] [ingestion.splitter] Criando as chunks do json formatado
[2025-05-28 12:52:42] [INFO] [ingestion.splitter] Criando as chunks do json formatado
[2025-05-28 12:56:20] [INFO] [ingestion.splitter] Criando as chunks do json formatado
[2025-05-28 13:00:46] [INFO] [ingestion.splitter] Criando as chunks do json formatado
[2025-05-28 13:23:26] [INFO] [ingestion.splitter] Criando as chunks do json formatado
[2025-05-28 13:30:00] [INFO] [ingestion.splitter] Criando as chunks do json formatado
[2025-05-28 13:30:35] [INFO] [ingestion.splitter] Criando as chunks do json formatado
[2025-05-28 13:32:02] [INFO] [ingestion.cleanner] Iniciando limpeza dos dados...
[2025-05-28 13:32:02] [INFO] [ingestion.cleanner] JSON limpo salvo com sucesso: dados_limpos.json
[2025-05-28 13:32:02] [INFO] [ingestion.cleanner] Arquivo CSV salvo com sucesso: componentes_curriculares_extraidos_clean.csv
[2025-05-28 13:32:02] [INFO] [ingestion.splitter] Criando as chunks do json formatado
[2025-05-28 13:32:20] [INFO] [__main__] Base vetorial criada a partir do JSON processado.
[2025-05-28 13:46:07] [INFO] [ingestion.cleanner] Iniciando limpeza dos dados...
[2025-05-28 13:46:07] [INFO] [ingestion.cleanner] JSON limpo salvo com sucesso: dados_limpos.json
[2025-05-28 13:46:07] [ERROR] [ingestion.cleanner] Erro ao salvar o JSON limpo: DataFrame constructor not properly called!
[2025-05-28 13:46:56] [INFO] [ingestion.splitter] Criando as chunks do json formatado
[2025-05-28 13:48:29] [INFO] [ingestion.splitter] Criando as chunks do json formatado
[2025-05-28 13:49:53] [INFO] [ingestion.splitter] Criando as chunks do json formatado
[2025-05-28 14:03:59] [INFO] [ingestion.splitter] Criando as chunks do json formatado
[2025-05-28 14:20:38] [INFO] [ingestion.splitter] Criando as chunks do json formatado
[2025-05-28 14:52:08] [INFO] [ingestion.cleanner] Iniciando limpeza dos dados...
[2025-05-28 14:52:08] [INFO] [ingestion.cleanner] JSON limpo salvo com sucesso: dados_limpos.json
[2025-05-28 14:52:08] [ERROR] [ingestion.cleanner] Erro ao salvar o JSON limpo: DataFrame constructor not properly called!
[2025-05-28 14:54:16] [INFO] [ingestion.splitter] Criando as chunks do json formatado
[2025-05-28 19:34:17] [INFO] [ingestion.splitter] Criando as chunks do json formatado
[2025-05-28 20:01:06] [INFO] [ingestion.splitter] Criando as chunks do json formatado
[2025-05-28 20:21:09] [INFO] [ingestion.cleanner] Iniciando limpeza dos dados...
[2025-05-28 20:21:09] [INFO] [ingestion.cleanner] JSON limpo salvo com sucesso: dados_limpos.json
[2025-05-28 20:21:09] [INFO] [ingestion.splitter] Criando as chunks do json formatado
[2025-05-28 20:32:05] [INFO] [ingestion.splitter] Criando as chunks do json formatado
[2025-05-28 20:35:43] [INFO] [ingestion.splitter] Criando as chunks do json formatado
[2025-05-28 20:53:02] [INFO] [ingestion.splitter] Criando as chunks do json formatado
[2025-05-28 20:54:21] [INFO] [ingestion.splitter] Criando as chunks do json formatado
[2025-05-28 20:56:42] [INFO] [ingestion.splitter] Criando as chunks do json formatado
[2025-05-28 21:01:07] [INFO] [ingestion.splitter] Criando as chunks do json formatado
[2025-05-28 21:14:51] [INFO] [ingestion.splitter] Criando as chunks do json formatado
[2025-05-28 21:16:38] [INFO] [ingestion.splitter] Criando as chunks do json formatado
[2025-05-28 21:26:27] [INFO] [ingestion.splitter] Criando as chunks do json formatado
[2025-05-29 13:41:40] [INFO] [ingestion.cleanner] Iniciando limpeza dos dados...
[2025-05-29 13:41:40] [INFO] [ingestion.cleanner] JSON limpo salvo com sucesso: dados_limpos.json
[2025-05-29 13:41:40] [INFO] [ingestion.splitter] Criando as chunks do json formatado
[2025-05-29 13:46:37] [INFO] [ingestion.cleanner] Iniciando limpeza dos dados...
[2025-05-29 13:46:37] [INFO] [ingestion.cleanner] JSON limpo salvo com sucesso: dados_limpos.json
[2025-05-29 13:46:37] [INFO] [ingestion.splitter] Criando as chunks do json formatado
[2025-05-29 14:11:04] [INFO] [ingestion.splitter] Criando as chunks do json formatado
[2025-05-29 14:13:00] [INFO] [ingestion.cleanner] Iniciando limpeza dos dados...
[2025-05-29 14:13:00] [INFO] [ingestion.cleanner] JSON limpo salvo com sucesso: dados_limpos.json
[2025-05-29 14:13:00] [INFO] [ingestion.splitter] Criando as chunks do json formatado
[2025-05-29 14:17:22] [INFO] [ingestion.cleanner] Iniciando limpeza dos dados...
[2025-05-29 14:17:22] [INFO] [ingestion.cleanner] JSON limpo salvo com sucesso: dados_limpos.json
[2025-05-29 14:17:22] [INFO] [ingestion.splitter] Criando as chunks do json formatado
[2025-05-29 19:57:11] [INFO] [ingestion.cleanner] Iniciando limpeza dos dados...
[2025-05-29 19:57:11] [INFO] [ingestion.cleanner] JSON limpo salvo com sucesso: dados_limpos.json
[2025-05-29 19:57:11] [INFO] [ingestion.splitter] Criando as chunks do json formatado
[2025-05-29 19:57:32] [INFO] [__main__] Base vetorial criada a partir do JSON processado.
[2025-05-29 20:00:53] [INFO] [ingestion.splitter] Criando as chunks do json formatado
[2025-05-29 20:04:06] [INFO] [ingestion.splitter] Criando as chunks do json formatado
[2025-05-29 20:30:41] [INFO] [ingestion.splitter] Criando as chunks do json formatado
[2025-05-29 20:36:04] [INFO] [ingestion.splitter] Criando as chunks do json formatado
[2025-05-29 20:42:07] [INFO] [ingestion.splitter] Criando as chunks do json formatado
[2025-05-29 20:45:41] [INFO] [ingestion.splitter] Criando as chunks do json formatado
[2025-05-29 20:52:10] [INFO] [ingestion.cleanner] Iniciando limpeza dos dados...
[2025-05-29 20:52:10] [INFO] [ingestion.cleanner] JSON limpo salvo com sucesso: dados_limpos.json
[2025-05-29 20:52:10] [INFO] [ingestion.splitter] Criando as chunks do json formatado
[2025-05-29 20:52:28] [INFO] [__main__] Base vetorial criada a partir do JSON processado.
[2025-05-29 21:00:25] [INFO] [ingestion.cleanner] Iniciando limpeza dos dados...
[2025-05-29 21:00:25] [INFO] [ingestion.cleanner] JSON limpo salvo com sucesso: dados_limpos.json
[2025-05-29 21:00:25] [INFO] [ingestion.splitter] Criando as chunks do json formatado
[2025-05-29 21:00:44] [INFO] [__main__] Base vetorial criada a partir do JSON processado.
[2025-05-29 21:21:00] [INFO] [ingestion.splitter] Criando as chunks do json formatado
[2025-05-31 12:48:58] [INFO] [ingestion.splitter] Criando as chunks do json formatado
[2025-06-02 20:10:46] [INFO] [ingestion.splitter] Criando as chunks do json formatado
[2025-06-02 20:11:44] [INFO] [ingestion.splitter] Criando as chunks do json formatado
[2025-06-12 20:45:58] [INFO] [ingestion.splitter] Criando as chunks do json formatado
[2025-06-15 13:03:36] [INFO] [ingestion.splitter] Criando as chunks do json formatado
[2025-06-15 17:24:30] [INFO] [ingestion.cleanner] Iniciando limpeza dos dados...
[2025-06-15 17:24:30] [INFO] [ingestion.cleanner] JSON limpo salvo com sucesso: dados_limpos.json
[2025-06-15 17:24:30] [INFO] [ingestion.splitter] Criando as chunks do json formatado
[2025-06-15 17:24:51] [INFO] [__main__] Base vetorial criada a partir do JSON processado.
[2025-06-15 17:55:47] [INFO] [ingestion.cleanner] Iniciando limpeza dos dados...
[2025-06-15 17:55:47] [INFO] [ingestion.cleanner] JSON limpo salvo com sucesso: dados_limpos.json
[2025-06-15 17:55:47] [INFO] [ingestion.splitter] Criando as chunks do json formatado
[2025-06-15 17:56:05] [INFO] [__main__] Base vetorial criada a partir do JSON processado.
[2025-06-15 18:20:33] [INFO] [ingestion.cleanner] Iniciando limpeza dos dados...
[2025-06-15 18:20:33] [INFO] [ingestion.cleanner] JSON limpo salvo com sucesso: dados_limpos.json
[2025-06-15 18:20:33] [INFO] [ingestion.splitter] Criando as chunks do json formatado
[2025-06-15 18:20:51] [INFO] [__main__] Base vetorial criada a partir do JSON processado.
